<?xml version="1.0" encoding="UTF-8"?>
<coverage generated="1597535068387" clover="3.2.0">
  <project timestamp="1597535068387" name="All files">
    <metrics statements="16" coveredstatements="8" conditionals="3" coveredconditionals="1" methods="9" coveredmethods="3" elements="28" coveredelements="12" complexity="0" loc="16" ncloc="16" packages="1" files="1" classes="1"/>
    <file name="profileModel.js" path="/Users/devbook/Projects/Side_Project_1/WIS-v1/public/javascripts/profileModel.js">
      <metrics statements="16" coveredstatements="8" conditionals="3" coveredconditionals="1" methods="9" coveredmethods="3"/>
      <line num="3" count="2" type="stmt"/>
      <line num="4" count="2" type="stmt"/>
      <line num="8" count="1" type="stmt"/>
      <line num="12" count="0" type="stmt"/>
      <line num="16" count="0" type="stmt"/>
      <line num="20" count="0" type="stmt"/>
      <line num="24" count="0" type="stmt"/>
      <line num="28" count="0" type="stmt"/>
      <line num="32" count="0" type="cond" truecount="0" falsecount="2"/>
      <line num="34" count="0" type="stmt"/>
      <line num="36" count="0" type="stmt"/>
      <line num="40" count="2" type="stmt"/>
      <line num="41" count="2" type="stmt"/>
      <line num="42" count="2" type="stmt"/>
      <line num="43" count="2" type="stmt"/>
      <line num="47" count="1" type="stmt"/>
    </file>
  </project>
</coverage>
