{"/Users/devbook/Projects/Side_Project_1/WIS-v1/public/javascripts/profileModel.js": {"path":"/Users/devbook/Projects/Side_Project_1/WIS-v1/public/javascripts/profileModel.js","statementMap":{"0":{"start":{"line":3,"column":4},"end":{"line":3,"column":35}},"1":{"start":{"line":4,"column":4},"end":{"line":4,"column":18}},"2":{"start":{"line":8,"column":4},"end":{"line":8,"column":20}},"3":{"start":{"line":12,"column":4},"end":{"line":12,"column":33}},"4":{"start":{"line":16,"column":4},"end":{"line":16,"column":34}},"5":{"start":{"line":20,"column":4},"end":{"line":20,"column":45}},"6":{"start":{"line":24,"column":4},"end":{"line":24,"column":37}},"7":{"start":{"line":28,"column":4},"end":{"line":28,"column":40}},"8":{"start":{"line":32,"column":4},"end":{"line":35,"column":5}},"9":{"start":{"line":34,"column":6},"end":{"line":34,"column":13}},"10":{"start":{"line":36,"column":4},"end":{"line":36,"column":37}},"11":{"start":{"line":40,"column":18},"end":{"line":40,"column":56}},"12":{"start":{"line":41,"column":23},"end":{"line":41,"column":95}},"13":{"start":{"line":42,"column":4},"end":{"line":42,"column":40}},"14":{"start":{"line":43,"column":4},"end":{"line":43,"column":73}},"15":{"start":{"line":47,"column":0},"end":{"line":47,"column":25}}},"fnMap":{"0":{"name":"(anonymous_0)","decl":{"start":{"line":2,"column":2},"end":{"line":2,"column":3}},"loc":{"start":{"line":2,"column":38},"end":{"line":5,"column":3}},"line":2},"1":{"name":"(anonymous_1)","decl":{"start":{"line":7,"column":2},"end":{"line":7,"column":3}},"loc":{"start":{"line":7,"column":11},"end":{"line":9,"column":3}},"line":7},"2":{"name":"(anonymous_2)","decl":{"start":{"line":11,"column":2},"end":{"line":11,"column":3}},"loc":{"start":{"line":11,"column":13},"end":{"line":13,"column":3}},"line":11},"3":{"name":"(anonymous_3)","decl":{"start":{"line":15,"column":2},"end":{"line":15,"column":3}},"loc":{"start":{"line":15,"column":14},"end":{"line":17,"column":3}},"line":15},"4":{"name":"(anonymous_4)","decl":{"start":{"line":19,"column":2},"end":{"line":19,"column":3}},"loc":{"start":{"line":19,"column":20},"end":{"line":21,"column":3}},"line":19},"5":{"name":"(anonymous_5)","decl":{"start":{"line":23,"column":2},"end":{"line":23,"column":3}},"loc":{"start":{"line":23,"column":14},"end":{"line":25,"column":3}},"line":23},"6":{"name":"(anonymous_6)","decl":{"start":{"line":27,"column":2},"end":{"line":27,"column":3}},"loc":{"start":{"line":27,"column":18},"end":{"line":29,"column":3}},"line":27},"7":{"name":"(anonymous_7)","decl":{"start":{"line":31,"column":2},"end":{"line":31,"column":3}},"loc":{"start":{"line":31,"column":17},"end":{"line":37,"column":3}},"line":31},"8":{"name":"(anonymous_8)","decl":{"start":{"line":39,"column":2},"end":{"line":39,"column":3}},"loc":{"start":{"line":39,"column":20},"end":{"line":44,"column":3}},"line":39}},"branchMap":{"0":{"loc":{"start":{"line":2,"column":27},"end":{"line":2,"column":36}},"type":"default-arg","locations":[{"start":{"line":2,"column":32},"end":{"line":2,"column":36}}],"line":2},"1":{"loc":{"start":{"line":32,"column":4},"end":{"line":35,"column":5}},"type":"if","locations":[{"start":{"line":32,"column":4},"end":{"line":35,"column":5}},{"start":{"line":32,"column":4},"end":{"line":35,"column":5}}],"line":32}},"s":{"0":2,"1":2,"2":1,"3":0,"4":0,"5":0,"6":0,"7":0,"8":0,"9":0,"10":0,"11":2,"12":2,"13":2,"14":2,"15":1},"f":{"0":2,"1":1,"2":0,"3":0,"4":0,"5":0,"6":0,"7":0,"8":2},"b":{"0":[2],"1":[0,0]},"_coverageSchema":"1a1c01bbd47fc00a2c39e90264f33305004495a9","hash":"8eca3aa969877d0460d86aef418f6bda441907f2"}
}
