TN:
SF:public/javascripts/profileModel.js
FN:2,(anonymous_0)
FN:7,(anonymous_1)
FN:11,(anonymous_2)
FN:15,(anonymous_3)
FN:19,(anonymous_4)
FN:23,(anonymous_5)
FN:27,(anonymous_6)
FN:31,(anonymous_7)
FN:39,(anonymous_8)
FNF:9
FNH:3
FNDA:2,(anonymous_0)
FNDA:1,(anonymous_1)
FNDA:0,(anonymous_2)
FNDA:0,(anonymous_3)
FNDA:0,(anonymous_4)
FNDA:0,(anonymous_5)
FNDA:0,(anonymous_6)
FNDA:0,(anonymous_7)
FNDA:2,(anonymous_8)
DA:3,2
DA:4,2
DA:8,1
DA:12,0
DA:16,0
DA:20,0
DA:24,0
DA:28,0
DA:32,0
DA:34,0
DA:36,0
DA:40,2
DA:41,2
DA:42,2
DA:43,2
DA:47,1
LF:16
LH:8
BRDA:2,0,0,2
BRDA:32,1,0,0
BRDA:32,1,1,0
BRF:3
BRH:1
end_of_record
